Build started 2016-09-10 오후 1:31:48.
     1>Project "C:\Users\Gun\Documents\GitHub\3DGAME\3DPortfolio\Dx3D\Dx3D.vcxproj" on node 2 (Build target(s)).
     1>ClCompile:
         C:\Program Files\Microsoft Visual Studio 12.0\VC\bin\CL.exe /c /ZI /nologo /W3 /WX- /Od /Oy- /D WIN32 /D _DEBUG /D _WINDOWS /D _MBCS /Gm /EHsc /RTC1 /MDd /GS /fp:precise /Zc:wchar_t /Zc:forScope /Yc"stdafx.h" /Fp"Debug\Dx3D.pch" /Fo"Debug\\" /Fd"Debug\vc120.pdb" /Gd /TP /analyze- /errorReport:prompt stdafx.cpp
         stdafx.cpp
         C:\Program Files\Microsoft Visual Studio 12.0\VC\bin\CL.exe /c /ZI /nologo /W3 /WX- /Od /Oy- /D WIN32 /D _DEBUG /D _WINDOWS /D _MBCS /Gm /EHsc /RTC1 /MDd /GS /fp:precise /Zc:wchar_t /Zc:forScope /Yu"stdafx.h" /Fp"Debug\Dx3D.pch" /Fo"Debug\\" /Fd"Debug\vc120.pdb" /Gd /TP /analyze- /errorReport:prompt Dx3D.cpp cAllocateHierarchy.cpp cAutoReleasePool.cpp cCamera.cpp cCapsuleCollider.cpp cCollider.cpp cDeviceManager.cpp cFrustumCulling.cpp cMainGame.cpp cObject.cpp cObjectManager.cpp cQuadTree.cpp cSkinnedMesh.cpp cSkinnedMeshManager.cpp cSphereCollider.cpp cTerrain.cpp cTextureManager.cpp cTimeManager.cpp
         cMainGame.cpp
     1>c:\users\gun\documents\github\3dgame\3dportfolio\dx3d\cmaingame.cpp(28): warning C4316: 'cTerrain' : object allocated on the heap may not be aligned 16
         cCapsuleCollider.cpp
         Generating Code...
         Compiling...
         Dx3D.cpp
         Generating Code...
         Skipping... (no relevant changes detected)
         cTimeManager.cpp
         cTextureManager.cpp
         cTerrain.cpp
         cSphereCollider.cpp
         cSkinnedMeshManager.cpp
         cSkinnedMesh.cpp
         cQuadTree.cpp
         cObjectManager.cpp
         cObject.cpp
         cFrustumCulling.cpp
         cDeviceManager.cpp
         cCollider.cpp
         cCamera.cpp
         cAutoReleasePool.cpp
         cAllocateHierarchy.cpp
       Link:
         C:\Program Files\Microsoft Visual Studio 12.0\VC\bin\link.exe /ERRORREPORT:PROMPT /OUT:"C:\Users\Gun\Documents\GitHub\3DGAME\3DPortfolio\Debug\Dx3D.exe" /INCREMENTAL /NOLOGO kernel32.lib user32.lib gdi32.lib winspool.lib comdlg32.lib advapi32.lib shell32.lib ole32.lib oleaut32.lib uuid.lib odbc32.lib odbccp32.lib /MANIFEST /MANIFESTUAC:"level='asInvoker' uiAccess='false'" /manifest:embed /DEBUG /PDB:"C:\Users\Gun\Documents\GitHub\3DGAME\3DPortfolio\Debug\Dx3D.pdb" /SUBSYSTEM:WINDOWS /TLBID:1 /DYNAMICBASE /NXCOMPAT /IMPLIB:"C:\Users\Gun\Documents\GitHub\3DGAME\3DPortfolio\Debug\Dx3D.lib" /MACHINE:X86 Debug\Dx3D.res
         Debug\cAllocateHierarchy.obj
         Debug\cAutoReleasePool.obj
         Debug\cCamera.obj
         Debug\cCapsuleCollider.obj
         Debug\cCollider.obj
         Debug\cDeviceManager.obj
         Debug\cFrustumCulling.obj
         Debug\cMainGame.obj
         Debug\cObject.obj
         Debug\cObjectManager.obj
         Debug\cQuadTree.obj
         Debug\cSkinnedMesh.obj
         Debug\cSkinnedMeshManager.obj
         Debug\cSphereCollider.obj
         Debug\cTerrain.obj
         Debug\cTextureManager.obj
         Debug\cTimeManager.obj
         Debug\Dx3D.obj
         Debug\stdafx.obj
         Dx3D.vcxproj -> C:\Users\Gun\Documents\GitHub\3DGAME\3DPortfolio\Debug\Dx3D.exe
     1>Done Building Project "C:\Users\Gun\Documents\GitHub\3DGAME\3DPortfolio\Dx3D\Dx3D.vcxproj" (Build target(s)).

Build succeeded.

Time Elapsed 00:00:05.25
